<?xml version="1.0" encoding="UTF-8"?>
<testsuites name="suite1" time="41" tests="0" failures="1" errors="0">
   <testsuite name="suite1" tests="0" failures="1" errors="0" time="41" timestamp="2018-07-24 11:49:20" hostname="Administrator - SERVER" id="Test Suites/suite1">
      <properties>
         <property name="deviceName" value=""/>
         <property name="devicePlatform" value=""/>
         <property name="logFolder" value="D:\\katalontest\\TestProject\\katalonTestProject\\Reports\\suite1\\20180724_114917"/>
         <property name="logFiles" value="D:\\katalontest\\TestProject\\katalonTestProject\\Reports\\suite1\\20180724_114917\\execution0.log"/>
         <property name="attachments" value="D:\\katalontest\\TestProject\\katalonTestProject\\Reports\\suite1\\20180724_114917\\1532404199987.png"/>
         <property name="hostName" value="Administrator - SERVER"/>
         <property name="os" value="Windows 7 32bit"/>
         <property name="katalonVersion" value="5.4.2.1"/>
         <property name="browser" value="Chrome 66.0.3359.181"/>
         <property name="hostAddress" value="192.168.6.60"/>
         <property name="sessionId" value="1197b0270f505251518e4fb2a07941dc"/>
         <property name="seleniumVersion" value="3.7.1"/>
         <property name="proxyInformation" value="ProxyInformation{proxyOption=NO_PROXY, proxyServerType=HTTP, password=, proxyServerAddress=, proxyServerPort=0}"/>
         <property name="platform" value="Windows 7"/>
      </properties>
      <testcase name="Test Cases/gmmtest/case3" classname="Test Cases/gmmtest/case3" status="FAILED">
         <failure type="FAILED" message="Unable to click on object 'Object Repository/folder1/Page_ (3)/a_' (Root cause: org.openqa.selenium.WebDriverException: unknown error: Element &lt;a href=&quot;#/terminalManage&quot;>...&lt;/a> is not clickable at point (100, 208). Other element would receive the click: &lt;div class=&quot;loader___1IXdm hidden___1QIO0 fullScreen___I5a11&quot;>...&lt;/div>
  (Session info: chrome=66.0.3359.181)
  (Driver info: chromedriver=2.35.528161 (5b82f2d2aae0ca24b877009200ced9065a772e73),platform=Windows NT 6.1.7600 x86) (WARNING: The server did not provide any stacktrace information)
Command duration or timeout: 0 milliseconds
Build info: version: '3.7.1', revision: '8a0099a', time: '2017-11-06T21:07:36.161Z'
System info: host: 'SERVER', ip: '192.168.6.60', os.name: 'Windows 7', os.arch: 'x86', os.version: '6.1', java.version: '1.8.0_102'
Driver info: com.kms.katalon.selenium.driver.CChromeDriver
Capabilities {acceptInsecureCerts: false, acceptSslCerts: false, applicationCacheEnabled: false, browserConnectionEnabled: false, browserName: chrome, chrome: {chromedriverVersion: 2.35.528161 (5b82f2d2aae0ca..., userDataDir: C:\Users\ADMINI~1\AppData\L...}, cssSelectorsEnabled: true, databaseEnabled: false, handlesAlerts: true, hasTouchScreen: false, javascriptEnabled: true, locationContextEnabled: true, mobileEmulationEnabled: false, nativeEvents: true, networkConnectionEnabled: false, pageLoadStrategy: normal, platform: XP, platformName: XP, rotatable: false, setWindowRect: true, takesHeapSnapshot: true, takesScreenshot: true, unexpectedAlertBehaviour: , unhandledPromptBehavior: , version: 66.0.3359.181, webStorageEnabled: true}
Session ID: 1197b0270f505251518e4fb2a07941dc)"/>
         <system-out><![CDATA[2018-07-24 11:49:20 - [TEST_CASE][FAILED] - Test Cases/gmmtest/case3: Test Cases/gmmtest/case3 FAILED because (of) Unable to click on object 'Object Repository/folder1/Page_ (3)/a_' (Root cause: org.openqa.selenium.WebDriverException: unknown error: Element <a href="#/terminalManage">...</a> is not clickable at point (100, 208). Other element would receive the click: <div class="loader___1IXdm hidden___1QIO0 fullScreen___I5a11">...</div>
  (Session info: chrome=66.0.3359.181)
  (Driver info: chromedriver=2.35.528161 (5b82f2d2aae0ca24b877009200ced9065a772e73),platform=Windows NT 6.1.7600 x86) (WARNING: The server did not provide any stacktrace information)
Command duration or timeout: 0 milliseconds
Build info: version: '3.7.1', revision: '8a0099a', time: '2017-11-06T21:07:36.161Z'
System info: host: 'SERVER', ip: '192.168.6.60', os.name: 'Windows 7', os.arch: 'x86', os.version: '6.1', java.version: '1.8.0_102'
Driver info: com.kms.katalon.selenium.driver.CChromeDriver
Capabilities {acceptInsecureCerts: false, acceptSslCerts: false, applicationCacheEnabled: false, browserConnectionEnabled: false, browserName: chrome, chrome: {chromedriverVersion: 2.35.528161 (5b82f2d2aae0ca..., userDataDir: C:\Users\ADMINI~1\AppData\L...}, cssSelectorsEnabled: true, databaseEnabled: false, handlesAlerts: true, hasTouchScreen: false, javascriptEnabled: true, locationContextEnabled: true, mobileEmulationEnabled: false, nativeEvents: true, networkConnectionEnabled: false, pageLoadStrategy: normal, platform: XP, platformName: XP, rotatable: false, setWindowRect: true, takesHeapSnapshot: true, takesScreenshot: true, unexpectedAlertBehaviour: , unhandledPromptBehavior: , version: 66.0.3359.181, webStorageEnabled: true}
Session ID: 1197b0270f505251518e4fb2a07941dc)

2018-07-24 11:49:21 - [TEST_STEP][PASSED] - openBrowser: Browser is opened with url: ''

2018-07-24 11:49:29 - [MESSAGE][PASSED] - Browser is opened with url: ''

2018-07-24 11:49:29 - [TEST_STEP][PASSED] - navigateToUrl: Navigate to 'http://192.168.6.223:8000/#/login?from=%2FterminalManage' successfully

2018-07-24 11:49:36 - [MESSAGE][PASSED] - Navigate to 'http://192.168.6.223:8000/#/login?from=%2FterminalManage' successfully

2018-07-24 11:49:36 - [TEST_STEP][PASSED] - openBrowser: Browser is opened with url: ''

2018-07-24 11:49:36 - [MESSAGE][WARNING] - A browser is already opened. Closing browser and opening a new one

2018-07-24 11:49:49 - [MESSAGE][PASSED] - Browser is opened with url: ''

2018-07-24 11:49:49 - [TEST_STEP][PASSED] - navigateToUrl: Navigate to 'http://192.168.6.223:8000/#/login?from=%2FterminalManage' successfully

2018-07-24 11:49:53 - [MESSAGE][PASSED] - Navigate to 'http://192.168.6.223:8000/#/login?from=%2FterminalManage' successfully

2018-07-24 11:49:53 - [TEST_STEP][PASSED] - setText: Text 'admin' is set on object 'Object Repository/folder1/Page_ (3)/input_username'

2018-07-24 11:49:54 - [MESSAGE][PASSED] - Text 'admin' is set on object 'Object Repository/folder1/Page_ (3)/input_username'

2018-07-24 11:49:54 - [TEST_STEP][PASSED] - setText: Text '123456' is set on object 'Object Repository/folder1/Page_ (3)/input_password'

2018-07-24 11:49:55 - [MESSAGE][PASSED] - Text '123456' is set on object 'Object Repository/folder1/Page_ (3)/input_password'

2018-07-24 11:49:55 - [TEST_STEP][PASSED] - setText: Text '6666' is set on object 'Object Repository/folder1/Page_ (3)/input_inputRandomCode'

2018-07-24 11:49:55 - [MESSAGE][PASSED] - Text '6666' is set on object 'Object Repository/folder1/Page_ (3)/input_inputRandomCode'

2018-07-24 11:49:55 - [TEST_STEP][PASSED] - click: Object: 'Object Repository/folder1/Page_ (3)/button_' is clicked on

2018-07-24 11:49:58 - [MESSAGE][PASSED] - Object: 'Object Repository/folder1/Page_ (3)/button_' is clicked on

2018-07-24 11:49:58 - [TEST_STEP][FAILED] - click: Unable to click on object 'Object Repository/folder1/Page_ (3)/a_' (Root cause: org.openqa.selenium.WebDriverException: unknown error: Element <a href="#/terminalManage">...</a> is not clickable at point (100, 208). Other element would receive the click: <div class="loader___1IXdm hidden___1QIO0 fullScreen___I5a11">...</div>
  (Session info: chrome=66.0.3359.181)
  (Driver info: chromedriver=2.35.528161 (5b82f2d2aae0ca24b877009200ced9065a772e73),platform=Windows NT 6.1.7600 x86) (WARNING: The server did not provide any stacktrace information)
Command duration or timeout: 0 milliseconds
Build info: version: '3.7.1', revision: '8a0099a', time: '2017-11-06T21:07:36.161Z'
System info: host: 'SERVER', ip: '192.168.6.60', os.name: 'Windows 7', os.arch: 'x86', os.version: '6.1', java.version: '1.8.0_102'
Driver info: com.kms.katalon.selenium.driver.CChromeDriver
Capabilities {acceptInsecureCerts: false, acceptSslCerts: false, applicationCacheEnabled: false, browserConnectionEnabled: false, browserName: chrome, chrome: {chromedriverVersion: 2.35.528161 (5b82f2d2aae0ca..., userDataDir: C:\Users\ADMINI~1\AppData\L...}, cssSelectorsEnabled: true, databaseEnabled: false, handlesAlerts: true, hasTouchScreen: false, javascriptEnabled: true, locationContextEnabled: true, mobileEmulationEnabled: false, nativeEvents: true, networkConnectionEnabled: false, pageLoadStrategy: normal, platform: XP, platformName: XP, rotatable: false, setWindowRect: true, takesHeapSnapshot: true, takesScreenshot: true, unexpectedAlertBehaviour: , unhandledPromptBehavior: , version: 66.0.3359.181, webStorageEnabled: true}
Session ID: 1197b0270f505251518e4fb2a07941dc)

2018-07-24 11:50:00 - [MESSAGE][FAILED] - Unable to click on object 'Object Repository/folder1/Page_ (3)/a_' (Root cause: org.openqa.selenium.WebDriverException: unknown error: Element <a href="#/terminalManage">...</a> is not clickable at point (100, 208). Other element would receive the click: <div class="loader___1IXdm hidden___1QIO0 fullScreen___I5a11">...</div>
  (Session info: chrome=66.0.3359.181)
  (Driver info: chromedriver=2.35.528161 (5b82f2d2aae0ca24b877009200ced9065a772e73),platform=Windows NT 6.1.7600 x86) (WARNING: The server did not provide any stacktrace information)
Command duration or timeout: 0 milliseconds
Build info: version: '3.7.1', revision: '8a0099a', time: '2017-11-06T21:07:36.161Z'
System info: host: 'SERVER', ip: '192.168.6.60', os.name: 'Windows 7', os.arch: 'x86', os.version: '6.1', java.version: '1.8.0_102'
Driver info: com.kms.katalon.selenium.driver.CChromeDriver
Capabilities {acceptInsecureCerts: false, acceptSslCerts: false, applicationCacheEnabled: false, browserConnectionEnabled: false, browserName: chrome, chrome: {chromedriverVersion: 2.35.528161 (5b82f2d2aae0ca..., userDataDir: C:\Users\ADMINI~1\AppData\L...}, cssSelectorsEnabled: true, databaseEnabled: false, handlesAlerts: true, hasTouchScreen: false, javascriptEnabled: true, locationContextEnabled: true, mobileEmulationEnabled: false, nativeEvents: true, networkConnectionEnabled: false, pageLoadStrategy: normal, platform: XP, platformName: XP, rotatable: false, setWindowRect: true, takesHeapSnapshot: true, takesScreenshot: true, unexpectedAlertBehaviour: , unhandledPromptBehavior: , version: 66.0.3359.181, webStorageEnabled: true}
Session ID: 1197b0270f505251518e4fb2a07941dc)
[[ATTACHMENT|D:\\katalontest\\TestProject\\katalonTestProject\\Reports\\suite1\\20180724_114917\\1532404199987.png]]]]></system-out>
         <system-err><![CDATA[2018-07-24 11:49:20 - [TEST_CASE][FAILED] - Test Cases/gmmtest/case3: Test Cases/gmmtest/case3 FAILED because (of) Unable to click on object 'Object Repository/folder1/Page_ (3)/a_' (Root cause: org.openqa.selenium.WebDriverException: unknown error: Element <a href="#/terminalManage">...</a> is not clickable at point (100, 208). Other element would receive the click: <div class="loader___1IXdm hidden___1QIO0 fullScreen___I5a11">...</div>
  (Session info: chrome=66.0.3359.181)
  (Driver info: chromedriver=2.35.528161 (5b82f2d2aae0ca24b877009200ced9065a772e73),platform=Windows NT 6.1.7600 x86) (WARNING: The server did not provide any stacktrace information)
Command duration or timeout: 0 milliseconds
Build info: version: '3.7.1', revision: '8a0099a', time: '2017-11-06T21:07:36.161Z'
System info: host: 'SERVER', ip: '192.168.6.60', os.name: 'Windows 7', os.arch: 'x86', os.version: '6.1', java.version: '1.8.0_102'
Driver info: com.kms.katalon.selenium.driver.CChromeDriver
Capabilities {acceptInsecureCerts: false, acceptSslCerts: false, applicationCacheEnabled: false, browserConnectionEnabled: false, browserName: chrome, chrome: {chromedriverVersion: 2.35.528161 (5b82f2d2aae0ca..., userDataDir: C:\Users\ADMINI~1\AppData\L...}, cssSelectorsEnabled: true, databaseEnabled: false, handlesAlerts: true, hasTouchScreen: false, javascriptEnabled: true, locationContextEnabled: true, mobileEmulationEnabled: false, nativeEvents: true, networkConnectionEnabled: false, pageLoadStrategy: normal, platform: XP, platformName: XP, rotatable: false, setWindowRect: true, takesHeapSnapshot: true, takesScreenshot: true, unexpectedAlertBehaviour: , unhandledPromptBehavior: , version: 66.0.3359.181, webStorageEnabled: true}
Session ID: 1197b0270f505251518e4fb2a07941dc)]]></system-err>
      </testcase>
      <system-out><![CDATA[2018-07-24 11:49:20 - [TEST_SUITE][FAILED] - suite1: Test Cases/gmmtest/case3 FAILED because (of) Unable to click on object 'Object Repository/folder1/Page_ (3)/a_' (Root cause: org.openqa.selenium.WebDriverException: unknown error: Element <a href="#/terminalManage">...</a> is not clickable at point (100, 208). Other element would receive the click: <div class="loader___1IXdm hidden___1QIO0 fullScreen___I5a11">...</div>
  (Session info: chrome=66.0.3359.181)
  (Driver info: chromedriver=2.35.528161 (5b82f2d2aae0ca24b877009200ced9065a772e73),platform=Windows NT 6.1.7600 x86) (WARNING: The server did not provide any stacktrace information)
Command duration or timeout: 0 milliseconds
Build info: version: '3.7.1', revision: '8a0099a', time: '2017-11-06T21:07:36.161Z'
System info: host: 'SERVER', ip: '192.168.6.60', os.name: 'Windows 7', os.arch: 'x86', os.version: '6.1', java.version: '1.8.0_102'
Driver info: com.kms.katalon.selenium.driver.CChromeDriver
Capabilities {acceptInsecureCerts: false, acceptSslCerts: false, applicationCacheEnabled: false, browserConnectionEnabled: false, browserName: chrome, chrome: {chromedriverVersion: 2.35.528161 (5b82f2d2aae0ca..., userDataDir: C:\Users\ADMINI~1\AppData\L...}, cssSelectorsEnabled: true, databaseEnabled: false, handlesAlerts: true, hasTouchScreen: false, javascriptEnabled: true, locationContextEnabled: true, mobileEmulationEnabled: false, nativeEvents: true, networkConnectionEnabled: false, pageLoadStrategy: normal, platform: XP, platformName: XP, rotatable: false, setWindowRect: true, takesHeapSnapshot: true, takesScreenshot: true, unexpectedAlertBehaviour: , unhandledPromptBehavior: , version: 66.0.3359.181, webStorageEnabled: true}
Session ID: 1197b0270f505251518e4fb2a07941dc)]]></system-out>
      <system-err><![CDATA[2018-07-24 11:49:20 - [TEST_SUITE][FAILED] - suite1: Test Cases/gmmtest/case3 FAILED because (of) Unable to click on object 'Object Repository/folder1/Page_ (3)/a_' (Root cause: org.openqa.selenium.WebDriverException: unknown error: Element <a href="#/terminalManage">...</a> is not clickable at point (100, 208). Other element would receive the click: <div class="loader___1IXdm hidden___1QIO0 fullScreen___I5a11">...</div>
  (Session info: chrome=66.0.3359.181)
  (Driver info: chromedriver=2.35.528161 (5b82f2d2aae0ca24b877009200ced9065a772e73),platform=Windows NT 6.1.7600 x86) (WARNING: The server did not provide any stacktrace information)
Command duration or timeout: 0 milliseconds
Build info: version: '3.7.1', revision: '8a0099a', time: '2017-11-06T21:07:36.161Z'
System info: host: 'SERVER', ip: '192.168.6.60', os.name: 'Windows 7', os.arch: 'x86', os.version: '6.1', java.version: '1.8.0_102'
Driver info: com.kms.katalon.selenium.driver.CChromeDriver
Capabilities {acceptInsecureCerts: false, acceptSslCerts: false, applicationCacheEnabled: false, browserConnectionEnabled: false, browserName: chrome, chrome: {chromedriverVersion: 2.35.528161 (5b82f2d2aae0ca..., userDataDir: C:\Users\ADMINI~1\AppData\L...}, cssSelectorsEnabled: true, databaseEnabled: false, handlesAlerts: true, hasTouchScreen: false, javascriptEnabled: true, locationContextEnabled: true, mobileEmulationEnabled: false, nativeEvents: true, networkConnectionEnabled: false, pageLoadStrategy: normal, platform: XP, platformName: XP, rotatable: false, setWindowRect: true, takesHeapSnapshot: true, takesScreenshot: true, unexpectedAlertBehaviour: , unhandledPromptBehavior: , version: 66.0.3359.181, webStorageEnabled: true}
Session ID: 1197b0270f505251518e4fb2a07941dc)]]></system-err>
   </testsuite>
</testsuites>
